<?xml version="1.0" encoding="UTF-8"?>
<!-- Generated by org.testng.reporters.JUnitReportReporter -->
<testsuite hostname="BG3NB075" failures="0" tests="1" name="Firstpack.Second" time="0.014" errors="0" timestamp="2024-03-08T21:00:36 IST" skipped="0">
  <testcase classname="Firstpack.Second" name="test" time="0.014"/>
  <system-out/>
</testsuite> <!-- Firstpack.Second -->
