<?xml version="1.0" encoding="UTF-8"?>
<!-- Generated by org.testng.reporters.JUnitReportReporter -->
<testsuite hostname="BG3NB075" failures="0" tests="1" name="Firstpack.Hello" time="54.205" errors="0" timestamp="2024-03-08T21:00:37 IST" skipped="0">
  <testcase classname="Firstpack.Hello" name="aim" time="54.205"/>
  <system-out/>
</testsuite> <!-- Firstpack.Hello -->
