<?xml version="1.0" encoding="UTF-8"?>
<!-- Generated by org.testng.reporters.JUnitReportReporter -->
<testsuite hostname="BG3NB075" failures="0" tests="1" name="Firstpack.Hello" time="0.036" errors="0" timestamp="2024-03-07T23:21:57 IST" skipped="0">
  <testcase classname="Firstpack.Hello" name="test" time="0.036"/>
  <system-out/>
</testsuite> <!-- Firstpack.Hello -->
